This is pdfTeX, Version 3.141592653-2.6-1.40.27 (MiKTeX 25.3) (preloaded format=pdflatex 2025.9.30)  17 NOV 2025 14:11
entering extended mode
 restricted \write18 enabled.
 %&-line parsing enabled.
**./main.tex
(main.tex
LaTeX2e <2024-11-01> patch level 2
L3 programming layer <2025-03-26>

(C:\Users\Supreme Leader David\AppData\Local\Programs\MiKTeX\tex/latex/base\rep
ort.cls
Document Class: report 2024/06/29 v1.4n Standard LaTeX document class

(C:\Users\Supreme Leader David\AppData\Local\Programs\MiKTeX\tex/latex/base\siz
e12.clo
File: size12.clo 2024/06/29 v1.4n Standard LaTeX file (size option)
)
\c@part=\count197
\c@chapter=\count198
\c@section=\count199
\c@subsection=\count266
\c@subsubsection=\count267
\c@paragraph=\count268
\c@subparagraph=\count269
\c@figure=\count270
\c@table=\count271
\abovecaptionskip=\skip49
\belowcaptionskip=\skip50
\bibindent=\dimen146
)
(C:\Users\Supreme Leader David\AppData\Local\Programs\MiKTeX\tex/latex/geometry
\geometry.sty
Package: geometry 2020/01/02 v5.9 Page Geometry

(C:\Users\Supreme Leader David\AppData\Local\Programs\MiKTeX\tex/latex/graphics
\keyval.sty
Package: keyval 2022/05/29 v1.15 key=value parser (DPC)
\KV@toks@=\toks17
)
(C:\Users\Supreme Leader David\AppData\Local\Programs\MiKTeX\tex/generic/iftex\
ifvtex.sty
Package: ifvtex 2019/10/25 v1.7 ifvtex legacy package. Use iftex instead.

(C:\Users\Supreme Leader David\AppData\Local\Programs\MiKTeX\tex/generic/iftex\
iftex.sty
Package: iftex 2024/12/12 v1.0g TeX engine tests
))
\Gm@cnth=\count272
\Gm@cntv=\count273
\c@Gm@tempcnt=\count274
\Gm@bindingoffset=\dimen147
\Gm@wd@mp=\dimen148
\Gm@odd@mp=\dimen149
\Gm@even@mp=\dimen150
\Gm@layoutwidth=\dimen151
\Gm@layoutheight=\dimen152
\Gm@layouthoffset=\dimen153
\Gm@layoutvoffset=\dimen154
\Gm@dimlist=\toks18

(C:\Users\Supreme Leader David\AppData\Local\Programs\MiKTeX\tex/latex/geometry
\geometry.cfg))
(C:\Users\Supreme Leader David\AppData\Local\Programs\MiKTeX\tex/latex/base\fon
tenc.sty
Package: fontenc 2021/04/29 v2.0v Standard LaTeX package
)
(C:\Users\Supreme Leader David\AppData\Local\Programs\MiKTeX\tex/latex/base\inp
utenc.sty
Package: inputenc 2024/02/08 v1.3d Input encoding file
\inpenc@prehook=\toks19
\inpenc@posthook=\toks20
)
(C:\Users\Supreme Leader David\AppData\Local\Programs\MiKTeX\tex/latex/lm\lmode
rn.sty
Package: lmodern 2015/05/01 v1.6.1 Latin Modern Fonts
LaTeX Font Info:    Overwriting symbol font `operators' in version `normal'
(Font)                  OT1/cmr/m/n --> OT1/lmr/m/n on input line 22.
LaTeX Font Info:    Overwriting symbol font `letters' in version `normal'
(Font)                  OML/cmm/m/it --> OML/lmm/m/it on input line 23.
LaTeX Font Info:    Overwriting symbol font `symbols' in version `normal'
(Font)                  OMS/cmsy/m/n --> OMS/lmsy/m/n on input line 24.
LaTeX Font Info:    Overwriting symbol font `largesymbols' in version `normal'
(Font)                  OMX/cmex/m/n --> OMX/lmex/m/n on input line 25.
LaTeX Font Info:    Overwriting symbol font `operators' in version `bold'
(Font)                  OT1/cmr/bx/n --> OT1/lmr/bx/n on input line 26.
LaTeX Font Info:    Overwriting symbol font `letters' in version `bold'
(Font)                  OML/cmm/b/it --> OML/lmm/b/it on input line 27.
LaTeX Font Info:    Overwriting symbol font `symbols' in version `bold'
(Font)                  OMS/cmsy/b/n --> OMS/lmsy/b/n on input line 28.
LaTeX Font Info:    Overwriting symbol font `largesymbols' in version `bold'
(Font)                  OMX/cmex/m/n --> OMX/lmex/m/n on input line 29.
LaTeX Font Info:    Overwriting math alphabet `\mathbf' in version `normal'
(Font)                  OT1/cmr/bx/n --> OT1/lmr/bx/n on input line 31.
LaTeX Font Info:    Overwriting math alphabet `\mathsf' in version `normal'
(Font)                  OT1/cmss/m/n --> OT1/lmss/m/n on input line 32.
LaTeX Font Info:    Overwriting math alphabet `\mathit' in version `normal'
(Font)                  OT1/cmr/m/it --> OT1/lmr/m/it on input line 33.
LaTeX Font Info:    Overwriting math alphabet `\mathtt' in version `normal'
(Font)                  OT1/cmtt/m/n --> OT1/lmtt/m/n on input line 34.
LaTeX Font Info:    Overwriting math alphabet `\mathbf' in version `bold'
(Font)                  OT1/cmr/bx/n --> OT1/lmr/bx/n on input line 35.
LaTeX Font Info:    Overwriting math alphabet `\mathsf' in version `bold'
(Font)                  OT1/cmss/bx/n --> OT1/lmss/bx/n on input line 36.
LaTeX Font Info:    Overwriting math alphabet `\mathit' in version `bold'
(Font)                  OT1/cmr/bx/it --> OT1/lmr/bx/it on input line 37.
LaTeX Font Info:    Overwriting math alphabet `\mathtt' in version `bold'
(Font)                  OT1/cmtt/m/n --> OT1/lmtt/m/n on input line 38.
)
(C:\Users\Supreme Leader David\AppData\Local\Programs\MiKTeX\tex/latex/setspace
\setspace.sty
Package: setspace 2022/12/04 v6.7b set line spacing
)
(C:\Users\Supreme Leader David\AppData\Local\Programs\MiKTeX\tex/latex/graphics
\graphicx.sty
Package: graphicx 2021/09/16 v1.2d Enhanced LaTeX Graphics (DPC,SPQR)

(C:\Users\Supreme Leader David\AppData\Local\Programs\MiKTeX\tex/latex/graphics
\graphics.sty
Package: graphics 2024/08/06 v1.4g Standard LaTeX Graphics (DPC,SPQR)

(C:\Users\Supreme Leader David\AppData\Local\Programs\MiKTeX\tex/latex/graphics
\trig.sty
Package: trig 2023/12/02 v1.11 sin cos tan (DPC)
)
(C:\Users\Supreme Leader David\AppData\Local\Programs\MiKTeX\tex/latex/graphics
-cfg\graphics.cfg
File: graphics.cfg 2016/06/04 v1.11 sample graphics configuration
)
Package graphics Info: Driver file: pdftex.def on input line 106.

(C:\Users\Supreme Leader David\AppData\Local\Programs\MiKTeX\tex/latex/graphics
-def\pdftex.def
File: pdftex.def 2024/04/13 v1.2c Graphics/color driver for pdftex
))
\Gin@req@height=\dimen155
\Gin@req@width=\dimen156
)
(C:\Users\Supreme Leader David\AppData\Local\Programs\MiKTeX\tex/latex/booktabs
\booktabs.sty
Package: booktabs 2020/01/12 v1.61803398 Publication quality tables
\heavyrulewidth=\dimen157
\lightrulewidth=\dimen158
\cmidrulewidth=\dimen159
\belowrulesep=\dimen160
\belowbottomsep=\dimen161
\aboverulesep=\dimen162
\abovetopsep=\dimen163
\cmidrulesep=\dimen164
\cmidrulekern=\dimen165
\defaultaddspace=\dimen166
\@cmidla=\count275
\@cmidlb=\count276
\@aboverulesep=\dimen167
\@belowrulesep=\dimen168
\@thisruleclass=\count277
\@lastruleclass=\count278
\@thisrulewidth=\dimen169
)
(C:\Users\Supreme Leader David\AppData\Local\Programs\MiKTeX\tex/latex/tools\ar
ray.sty
Package: array 2024/10/17 v2.6g Tabular extension package (FMi)
\col@sep=\dimen170
\ar@mcellbox=\box53
\extrarowheight=\dimen171
\NC@list=\toks21
\extratabsurround=\skip51
\backup@length=\skip52
\ar@cellbox=\box54
)
(C:\Users\Supreme Leader David\AppData\Local\Programs\MiKTeX\tex/latex/amsmath\
amsmath.sty
Package: amsmath 2024/11/05 v2.17t AMS math features
\@mathmargin=\skip53

For additional information on amsmath, use the `?' option.

(C:\Users\Supreme Leader David\AppData\Local\Programs\MiKTeX\tex/latex/amsmath\
amstext.sty
Package: amstext 2021/08/26 v2.01 AMS text

(C:\Users\Supreme Leader David\AppData\Local\Programs\MiKTeX\tex/latex/amsmath\
amsgen.sty
File: amsgen.sty 1999/11/30 v2.0 generic functions
\@emptytoks=\toks22
\ex@=\dimen172
))
(C:\Users\Supreme Leader David\AppData\Local\Programs\MiKTeX\tex/latex/amsmath\
amsbsy.sty
Package: amsbsy 1999/11/29 v1.2d Bold Symbols
\pmbraise@=\dimen173
)
(C:\Users\Supreme Leader David\AppData\Local\Programs\MiKTeX\tex/latex/amsmath\
amsopn.sty
Package: amsopn 2022/04/08 v2.04 operator names
)
\inf@bad=\count279
LaTeX Info: Redefining \frac on input line 233.
\uproot@=\count280
\leftroot@=\count281
LaTeX Info: Redefining \overline on input line 398.
LaTeX Info: Redefining \colon on input line 409.
\classnum@=\count282
\DOTSCASE@=\count283
LaTeX Info: Redefining \ldots on input line 495.
LaTeX Info: Redefining \dots on input line 498.
LaTeX Info: Redefining \cdots on input line 619.
\Mathstrutbox@=\box55
\strutbox@=\box56
LaTeX Info: Redefining \big on input line 721.
LaTeX Info: Redefining \Big on input line 722.
LaTeX Info: Redefining \bigg on input line 723.
LaTeX Info: Redefining \Bigg on input line 724.
\big@size=\dimen174
LaTeX Font Info:    Redeclaring font encoding OML on input line 742.
LaTeX Font Info:    Redeclaring font encoding OMS on input line 743.
\macc@depth=\count284
LaTeX Info: Redefining \bmod on input line 904.
LaTeX Info: Redefining \pmod on input line 909.
LaTeX Info: Redefining \smash on input line 939.
LaTeX Info: Redefining \relbar on input line 969.
LaTeX Info: Redefining \Relbar on input line 970.
\c@MaxMatrixCols=\count285
\dotsspace@=\muskip17
\c@parentequation=\count286
\dspbrk@lvl=\count287
\tag@help=\toks23
\row@=\count288
\column@=\count289
\maxfields@=\count290
\andhelp@=\toks24
\eqnshift@=\dimen175
\alignsep@=\dimen176
\tagshift@=\dimen177
\tagwidth@=\dimen178
\totwidth@=\dimen179
\lineht@=\dimen180
\@envbody=\toks25
\multlinegap=\skip54
\multlinetaggap=\skip55
\mathdisplay@stack=\toks26
LaTeX Info: Redefining \[ on input line 2953.
LaTeX Info: Redefining \] on input line 2954.
)
(C:\Users\Supreme Leader David\AppData\Local\Programs\MiKTeX\tex/latex/siunitx\
siunitx.sty
Package: siunitx 2025-07-09 v3.4.14 A comprehensive (SI) units package
\l__siunitx_number_uncert_offset_int=\count291
\l__siunitx_number_exponent_fixed_int=\count292
\l__siunitx_number_min_decimal_int=\count293
\l__siunitx_number_min_integer_int=\count294
\l__siunitx_number_round_precision_int=\count295
\l__siunitx_number_lower_threshold_int=\count296
\l__siunitx_number_upper_threshold_int=\count297
\l__siunitx_number_group_first_int=\count298
\l__siunitx_number_group_size_int=\count299
\l__siunitx_number_group_minimum_int=\count300
\l__siunitx_angle_tmp_dim=\dimen181
\l__siunitx_angle_marker_box=\box57
\l__siunitx_angle_unit_box=\box58
\l__siunitx_compound_count_int=\count301

(C:\Users\Supreme Leader David\AppData\Local\Programs\MiKTeX\tex/latex/translat
ions\translations.sty
Package: translations 2022/02/05 v1.12 internationalization of LaTeX2e packages
 (CN)

(C:\Users\Supreme Leader David\AppData\Local\Programs\MiKTeX\tex/latex/etoolbox
\etoolbox.sty
Package: etoolbox 2025/02/11 v2.5l e-TeX tools for LaTeX (JAW)
\etb@tempcnta=\count302
)
(C:\Users\Supreme Leader David\AppData\Local\Programs\MiKTeX\tex/generic/pdftex
cmds\pdftexcmds.sty
Package: pdftexcmds 2020-06-27 v0.33 Utility functions of pdfTeX for LuaTeX (HO
)

(C:\Users\Supreme Leader David\AppData\Local\Programs\MiKTeX\tex/generic/infwar
err\infwarerr.sty
Package: infwarerr 2019/12/03 v1.5 Providing info/warning/error messages (HO)
)
(C:\Users\Supreme Leader David\AppData\Local\Programs\MiKTeX\tex/generic/ltxcmd
s\ltxcmds.sty
Package: ltxcmds 2023-12-04 v1.26 LaTeX kernel commands for general use (HO)
)
Package pdftexcmds Info: \pdf@primitive is available.
Package pdftexcmds Info: \pdf@ifprimitive is available.
Package pdftexcmds Info: \pdfdraftmode found.
))
\l__siunitx_table_tmp_box=\box59
\l__siunitx_table_tmp_dim=\dimen182
\l__siunitx_table_column_width_dim=\dimen183
\l__siunitx_table_integer_box=\box60
\l__siunitx_table_decimal_box=\box61
\l__siunitx_table_uncert_box=\box62
\l__siunitx_table_before_box=\box63
\l__siunitx_table_after_box=\box64
\l__siunitx_table_before_dim=\dimen184
\l__siunitx_table_carry_dim=\dimen185
\l__siunitx_unit_tmp_int=\count303
\l__siunitx_unit_position_int=\count304
\l__siunitx_unit_total_int=\count305
)
(C:\Users\Supreme Leader David\AppData\Local\Programs\MiKTeX\tex/latex/hyperref
\hyperref.sty
Package: hyperref 2024-11-05 v7.01l Hypertext links for LaTeX

(C:\Users\Supreme Leader David\AppData\Local\Programs\MiKTeX\tex/latex/kvsetkey
s\kvsetkeys.sty
Package: kvsetkeys 2022-10-05 v1.19 Key value parser (HO)
)
(C:\Users\Supreme Leader David\AppData\Local\Programs\MiKTeX\tex/generic/kvdefi
nekeys\kvdefinekeys.sty
Package: kvdefinekeys 2019-12-19 v1.6 Define keys (HO)
)
(C:\Users\Supreme Leader David\AppData\Local\Programs\MiKTeX\tex/generic/pdfesc
ape\pdfescape.sty
Package: pdfescape 2019/12/09 v1.15 Implements pdfTeX's escape features (HO)
)
(C:\Users\Supreme Leader David\AppData\Local\Programs\MiKTeX\tex/latex/hycolor\
hycolor.sty
Package: hycolor 2020-01-27 v1.10 Color options for hyperref/bookmark (HO)
)
(C:\Users\Supreme Leader David\AppData\Local\Programs\MiKTeX\tex/latex/hyperref
\nameref.sty
Package: nameref 2023-11-26 v2.56 Cross-referencing by name of section

(C:\Users\Supreme Leader David\AppData\Local\Programs\MiKTeX\tex/latex/refcount
\refcount.sty
Package: refcount 2019/12/15 v3.6 Data extraction from label references (HO)
)
(C:\Users\Supreme Leader David\AppData\Local\Programs\MiKTeX\tex/generic/gettit
lestring\gettitlestring.sty
Package: gettitlestring 2019/12/15 v1.6 Cleanup title references (HO)

(C:\Users\Supreme Leader David\AppData\Local\Programs\MiKTeX\tex/latex/kvoption
s\kvoptions.sty
Package: kvoptions 2022-06-15 v3.15 Key value format for package options (HO)
))
\c@section@level=\count306
)
(C:\Users\Supreme Leader David\AppData\Local\Programs\MiKTeX\tex/generic/string
enc\stringenc.sty
Package: stringenc 2019/11/29 v1.12 Convert strings between diff. encodings (HO
)
)
\@linkdim=\dimen186
\Hy@linkcounter=\count307
\Hy@pagecounter=\count308

(C:\Users\Supreme Leader David\AppData\Local\Programs\MiKTeX\tex/latex/hyperref
\pd1enc.def
File: pd1enc.def 2024-11-05 v7.01l Hyperref: PDFDocEncoding definition (HO)
Now handling font encoding PD1 ...
... no UTF-8 mapping file for font encoding PD1
)
(C:\Users\Supreme Leader David\AppData\Local\Programs\MiKTeX\tex/generic/intcal
c\intcalc.sty
Package: intcalc 2019/12/15 v1.3 Expandable calculations with integers (HO)
)
\Hy@SavedSpaceFactor=\count309

(C:\Users\Supreme Leader David\AppData\Local\Programs\MiKTeX\tex/latex/hyperref
\puenc.def
File: puenc.def 2024-11-05 v7.01l Hyperref: PDF Unicode definition (HO)
Now handling font encoding PU ...
... no UTF-8 mapping file for font encoding PU
)
Package hyperref Info: Hyper figures OFF on input line 4157.
Package hyperref Info: Link nesting OFF on input line 4162.
Package hyperref Info: Hyper index ON on input line 4165.
Package hyperref Info: Plain pages OFF on input line 4172.
Package hyperref Info: Backreferencing OFF on input line 4177.
Package hyperref Info: Implicit mode ON; LaTeX internals redefined.
Package hyperref Info: Bookmarks ON on input line 4424.
\c@Hy@tempcnt=\count310

(C:\Users\Supreme Leader David\AppData\Local\Programs\MiKTeX\tex/latex/url\url.
sty
\Urlmuskip=\muskip18
Package: url 2013/09/16  ver 3.4  Verb mode for urls, etc.
)
LaTeX Info: Redefining \url on input line 4763.
\XeTeXLinkMargin=\dimen187

(C:\Users\Supreme Leader David\AppData\Local\Programs\MiKTeX\tex/generic/bitset
\bitset.sty
Package: bitset 2019/12/09 v1.3 Handle bit-vector datatype (HO)

(C:\Users\Supreme Leader David\AppData\Local\Programs\MiKTeX\tex/generic/bigint
calc\bigintcalc.sty
Package: bigintcalc 2019/12/15 v1.5 Expandable calculations on big integers (HO
)
))
\Fld@menulength=\count311
\Field@Width=\dimen188
\Fld@charsize=\dimen189
Package hyperref Info: Hyper figures OFF on input line 6042.
Package hyperref Info: Link nesting OFF on input line 6047.
Package hyperref Info: Hyper index ON on input line 6050.
Package hyperref Info: backreferencing OFF on input line 6057.
Package hyperref Info: Link coloring OFF on input line 6062.
Package hyperref Info: Link coloring with OCG OFF on input line 6067.
Package hyperref Info: PDF/A mode OFF on input line 6072.

(C:\Users\Supreme Leader David\AppData\Local\Programs\MiKTeX\tex/latex/base\atb
egshi-ltx.sty
Package: atbegshi-ltx 2021/01/10 v1.0c Emulation of the original atbegshi
package with kernel methods
)
\Hy@abspage=\count312
\c@Item=\count313
\c@Hfootnote=\count314
)
Package hyperref Info: Driver (autodetected): hpdftex.

(C:\Users\Supreme Leader David\AppData\Local\Programs\MiKTeX\tex/latex/hyperref
\hpdftex.def
File: hpdftex.def 2024-11-05 v7.01l Hyperref driver for pdfTeX

(C:\Users\Supreme Leader David\AppData\Local\Programs\MiKTeX\tex/latex/base\atv
eryend-ltx.sty
Package: atveryend-ltx 2020/08/19 v1.0a Emulation of the original atveryend pac
kage
with kernel methods
)
\Fld@listcount=\count315
\c@bookmark@seq@number=\count316

(C:\Users\Supreme Leader David\AppData\Local\Programs\MiKTeX\tex/latex/rerunfil
echeck\rerunfilecheck.sty
Package: rerunfilecheck 2025-06-21 v1.11 Rerun checks for auxiliary files (HO)

(C:\Users\Supreme Leader David\AppData\Local\Programs\MiKTeX\tex/generic/unique
counter\uniquecounter.sty
Package: uniquecounter 2019/12/15 v1.4 Provide unlimited unique counter (HO)
)
Package uniquecounter Info: New unique counter `rerunfilecheck' on input line 2
84.
)
\Hy@SectionHShift=\skip56
)
(C:\Users\Supreme Leader David\AppData\Local\Programs\MiKTeX\tex/latex/caption\
caption.sty
Package: caption 2023/08/05 v3.6o Customizing captions (AR)

(C:\Users\Supreme Leader David\AppData\Local\Programs\MiKTeX\tex/latex/caption\
caption3.sty
Package: caption3 2023/07/31 v2.4d caption3 kernel (AR)
\caption@tempdima=\dimen190
\captionmargin=\dimen191
\caption@leftmargin=\dimen192
\caption@rightmargin=\dimen193
\caption@width=\dimen194
\caption@indent=\dimen195
\caption@parindent=\dimen196
\caption@hangindent=\dimen197
Package caption Info: Standard document class detected.
)
\c@caption@flags=\count317
\c@continuedfloat=\count318
Package caption Info: hyperref package is loaded.
)
(C:\Users\Supreme Leader David\AppData\Local\Programs\MiKTeX\tex/latex/float\fl
oat.sty
Package: float 2001/11/08 v1.3d Float enhancements (AL)
\c@float@type=\count319
\float@exts=\toks27
\float@box=\box65
\@float@everytoks=\toks28
\@floatcapt=\box66
)
(C:\Users\Supreme Leader David\AppData\Local\Programs\MiKTeX\tex/latex/tools\lo
ngtable.sty
Package: longtable 2024-10-27 v4.22 Multi-page Table package (DPC)
\LTleft=\skip57
\LTright=\skip58
\LTpre=\skip59
\LTpost=\skip60
\LTchunksize=\count320
\LTcapwidth=\dimen198
\LT@head=\box67
\LT@firsthead=\box68
\LT@foot=\box69
\LT@lastfoot=\box70
\LT@gbox=\box71
\LT@cols=\count321
\LT@rows=\count322
\c@LT@tables=\count323
\c@LT@chunks=\count324
\LT@p@ftn=\toks29
)
(C:\Users\Supreme Leader David\AppData\Local\Programs\MiKTeX\tex/latex/enumitem
\enumitem.sty
Package: enumitem 2025/02/06 v3.11 Customized lists
\labelindent=\skip61
\enit@outerparindent=\dimen199
\enit@toks=\toks30
\enit@inbox=\box72
\enit@count@id=\count325
\enitdp@description=\count326
)
Package hyperref Info: Option `colorlinks' set `true' on input line 30.
Package translations Info: No language package found. I am going to use `englis
h' as default language. on input line 32.

(C:\Users\Supreme Leader David\AppData\Local\Programs\MiKTeX\tex/latex/graphics
\color.sty
Package: color 2024/06/23 v1.3e Standard LaTeX Color (DPC)

(C:\Users\Supreme Leader David\AppData\Local\Programs\MiKTeX\tex/latex/graphics
-cfg\color.cfg
File: color.cfg 2016/01/02 v1.6 sample color configuration
)
Package color Info: Driver file: pdftex.def on input line 149.

(C:\Users\Supreme Leader David\AppData\Local\Programs\MiKTeX\tex/latex/graphics
\mathcolor.ltx))
LaTeX Font Info:    Trying to load font information for T1+lmr on input line 32
.

(C:\Users\Supreme Leader David\AppData\Local\Programs\MiKTeX\tex/latex/lm\t1lmr
.fd
File: t1lmr.fd 2015/05/01 v1.6.1 Font defs for Latin Modern
)
(C:\Users\Supreme Leader David\AppData\Local\Programs\MiKTeX\tex/latex/l3backen
d\l3backend-pdftex.def
File: l3backend-pdftex.def 2025-03-14 L3 backend support: PDF output (pdfTeX)
\l__color_backend_stack_int=\count327
) (main.aux)
\openout1 = `main.aux'.

LaTeX Font Info:    Checking defaults for OML/cmm/m/it on input line 32.
LaTeX Font Info:    ... okay on input line 32.
LaTeX Font Info:    Checking defaults for OMS/cmsy/m/n on input line 32.
LaTeX Font Info:    ... okay on input line 32.
LaTeX Font Info:    Checking defaults for OT1/cmr/m/n on input line 32.
LaTeX Font Info:    ... okay on input line 32.
LaTeX Font Info:    Checking defaults for T1/cmr/m/n on input line 32.
LaTeX Font Info:    ... okay on input line 32.
LaTeX Font Info:    Checking defaults for TS1/cmr/m/n on input line 32.
LaTeX Font Info:    ... okay on input line 32.
LaTeX Font Info:    Checking defaults for OMX/cmex/m/n on input line 32.
LaTeX Font Info:    ... okay on input line 32.
LaTeX Font Info:    Checking defaults for U/cmr/m/n on input line 32.
LaTeX Font Info:    ... okay on input line 32.
LaTeX Font Info:    Checking defaults for PD1/pdf/m/n on input line 32.
LaTeX Font Info:    ... okay on input line 32.
LaTeX Font Info:    Checking defaults for PU/pdf/m/n on input line 32.
LaTeX Font Info:    ... okay on input line 32.

*geometry* driver: auto-detecting
*geometry* detected driver: pdftex
*geometry* verbose mode - [ preamble ] result:
* driver: pdftex
* paper: a4paper
* layout: <same size as paper>
* layoutoffset:(h,v)=(0.0pt,0.0pt)
* modes: 
* h-part:(L,W,R)=(71.13188pt, 455.24411pt, 71.13188pt)
* v-part:(T,H,B)=(71.13188pt, 702.78308pt, 71.13188pt)
* \paperwidth=597.50787pt
* \paperheight=845.04684pt
* \textwidth=455.24411pt
* \textheight=702.78308pt
* \oddsidemargin=-1.1381pt
* \evensidemargin=-1.1381pt
* \topmargin=-38.1381pt
* \headheight=12.0pt
* \headsep=25.0pt
* \topskip=12.0pt
* \footskip=30.0pt
* \marginparwidth=35.0pt
* \marginparsep=10.0pt
* \columnsep=10.0pt
* \skip\footins=10.8pt plus 4.0pt minus 2.0pt
* \hoffset=0.0pt
* \voffset=0.0pt
* \mag=1000
* \@twocolumnfalse
* \@twosidefalse
* \@mparswitchfalse
* \@reversemarginfalse
* (1in=72.27pt=25.4mm, 1cm=28.453pt)


(C:\Users\Supreme Leader David\AppData\Local\Programs\MiKTeX\tex/context/base/m
kii\supp-pdf.mkii
[Loading MPS to PDF converter (version 2006.09.02).]
\scratchcounter=\count328
\scratchdimen=\dimen256
\scratchbox=\box73
\nofMPsegments=\count329
\nofMParguments=\count330
\everyMPshowfont=\toks31
\MPscratchCnt=\count331
\MPscratchDim=\dimen257
\MPnumerator=\count332
\makeMPintoPDFobject=\count333
\everyMPtoPDFconversion=\toks32
)
(C:\Users\Supreme Leader David\AppData\Local\Programs\MiKTeX\tex/latex/epstopdf
-pkg\epstopdf-base.sty
Package: epstopdf-base 2020-01-24 v2.11 Base part for package epstopdf
Package epstopdf-base Info: Redefining graphics rule for `.eps' on input line 4
85.

(C:\Users\Supreme Leader David\AppData\Local\Programs\MiKTeX\tex/latex/00miktex
\epstopdf-sys.cfg
File: epstopdf-sys.cfg 2021/03/18 v2.0 Configuration of epstopdf for MiKTeX
))
(C:\Users\Supreme Leader David\AppData\Local\Programs\MiKTeX\tex/latex/translat
ions/dicts\translations-basic-dictionary-english.trsl
File: translations-basic-dictionary-english.trsl (english translation file `tra
nslations-basic-dictionary')
)
Package translations Info: loading dictionary `translations-basic-dictionary' f
or `english'. on input line 32.
Package hyperref Info: Link coloring ON on input line 32.
 (main.out) (main.out)
\@outlinefile=\write3
\openout3 = `main.out'.

Package caption Info: Begin \AtBeginDocument code.
Package caption Info: float package is loaded.
Package caption Info: longtable package is loaded.

(C:\Users\Supreme Leader David\AppData\Local\Programs\MiKTeX\tex/latex/caption\
ltcaption.sty
Package: ltcaption 2021/01/08 v1.4c longtable captions (AR)
)
Package caption Info: End \AtBeginDocument code.


[1

{C:/Users/Supreme Leader David/AppData/Local/MiKTeX/fonts/map/pdftex/pdftex.map
}{C:/Users/Supreme Leader David/AppData/Local/Programs/MiKTeX/fonts/enc/dvips/l
m/lm-ec.enc}] (main.toc
LaTeX Font Info:    Trying to load font information for OT1+lmr on input line 2
.

(C:\Users\Supreme Leader David\AppData\Local\Programs\MiKTeX\tex/latex/lm\ot1lm
r.fd
File: ot1lmr.fd 2015/05/01 v1.6.1 Font defs for Latin Modern
)
LaTeX Font Info:    Trying to load font information for OML+lmm on input line 2
.

(C:\Users\Supreme Leader David\AppData\Local\Programs\MiKTeX\tex/latex/lm\omllm
m.fd
File: omllmm.fd 2015/05/01 v1.6.1 Font defs for Latin Modern
)
LaTeX Font Info:    Trying to load font information for OMS+lmsy on input line 
2.

(C:\Users\Supreme Leader David\AppData\Local\Programs\MiKTeX\tex/latex/lm\omslm
sy.fd
File: omslmsy.fd 2015/05/01 v1.6.1 Font defs for Latin Modern
)
LaTeX Font Info:    Trying to load font information for OMX+lmex on input line 
2.

(C:\Users\Supreme Leader David\AppData\Local\Programs\MiKTeX\tex/latex/lm\omxlm
ex.fd
File: omxlmex.fd 2015/05/01 v1.6.1 Font defs for Latin Modern
)
LaTeX Font Info:    External font `lmex10' loaded for size
(Font)              <12> on input line 2.
LaTeX Font Info:    External font `lmex10' loaded for size
(Font)              <8> on input line 2.
LaTeX Font Info:    External font `lmex10' loaded for size
(Font)              <6> on input line 2.



pdfTeX warning (ext4): destination with the same identifier (name{page.1}) has 
been already used, duplicate ignored
<to be read again> 
                   \relax 
l.29 ...rline {6.1.2}mAP@50}{17}{subsection.6.1.2}
                                                  % [1

])
\tf@toc=\write4
\openout4 = `main.toc'.



[2]
Chapter 1.
LaTeX Font Info:    Trying to load font information for TS1+lmr on input line 5
2.

(C:\Users\Supreme Leader David\AppData\Local\Programs\MiKTeX\tex/latex/lm\ts1lm
r.fd
File: ts1lmr.fd 2015/05/01 v1.6.1 Font defs for Latin Modern
)

[3


{C:/Users/Supreme Leader David/AppData/Local/Programs/MiKTeX/fonts/enc/dvips/lm
/lm-ts1.enc}]
Overfull \hbox (9.0361pt too wide) in paragraph at lines 85--86
[]\T1/lmr/bx/n/12 Instance Seg-men-ta-tion (Seg)\T1/lmr/m/n/12 : Out-puts pixel
-level masks; cru-cial for high-precision
 []



[4]
Chapter 2.
LaTeX Font Info:    External font `lmex10' loaded for size
(Font)              <10.95> on input line 113.

Underfull \hbox (badness 10000) in paragraph at lines 117--117
[]|\T1/lmr/m/n/10.95 Object De-tec-tion
 []


Underfull \hbox (badness 2680) in paragraph at lines 118--118
[]|\T1/lmr/m/n/10.95 Instance Seg-men-ta-tion
 []


Underfull \hbox (badness 10000) in paragraph at lines 135--135
[]|\T1/lmr/m/n/10.95 Object De-tec-tion
 []


Underfull \hbox (badness 2680) in paragraph at lines 136--136
[]|\T1/lmr/m/n/10.95 Instance Seg-men-ta-tion
 []



[5


]

[6]
Chapter 3.
LaTeX Font Info:    Trying to load font information for T1+lmtt on input line 1
81.

(C:\Users\Supreme Leader David\AppData\Local\Programs\MiKTeX\tex/latex/lm\t1lmt
t.fd
File: t1lmtt.fd 2015/05/01 v1.6.1 Font defs for Latin Modern
)
Underfull \hbox (badness 10000) in paragraph at lines 188--188
[]|\T1/lmr/m/n/10.95 Albumentations (Mo-tion-Blur,
 []


Underfull \hbox (badness 10000) in paragraph at lines 188--188
\T1/lmr/m/n/10.95 Me-di-an-Blur, Ran-dom-Bright-
 []


Underfull \hbox (badness 10000) in paragraph at lines 189--189
[]|\T1/lmr/m/n/10.95 Optimizer set-
 []


Underfull \hbox (badness 10000) in paragraph at lines 211--211
[]|\T1/lmr/m/n/10.95 Albumentations (Mo-tion-Blur,
 []


Underfull \hbox (badness 10000) in paragraph at lines 211--211
\T1/lmr/m/n/10.95 Me-di-an-Blur, Ran-dom-Bright-
 []


Underfull \hbox (badness 10000) in paragraph at lines 212--212
[]|\T1/lmr/m/n/10.95 Optimizer set-
 []



[7


{C:/Users/Supreme Leader David/AppData/Local/Programs/MiKTeX/fonts/enc/dvips/lm
/lm-mathsy.enc}]

[8]
Chapter 4.
<images/yolov8n.png, id=247, 867.24pt x 433.62pt>
File: images/yolov8n.png Graphic file (type png)
<use images/yolov8n.png>
Package pdftex.def Info: images/yolov8n.png  used on input line 228.
(pdftex.def)             Requested size: 364.19667pt x 182.0993pt.
<images/yolov8n-seg.png, id=249, 1300.86pt x 433.62pt>
File: images/yolov8n-seg.png Graphic file (type png)
<use images/yolov8n-seg.png>
Package pdftex.def Info: images/yolov8n-seg.png  used on input line 234.
(pdftex.def)             Requested size: 364.19667pt x 121.39954pt.


[9


 <./images/yolov8n.png> <./images/yolov8n-seg.png>]
<images/yolov8n-IMG_4283.jpg, id=258, 3035.34pt x 4047.12pt>
File: images/yolov8n-IMG_4283.jpg Graphic file (type jpg)
<use images/yolov8n-IMG_4283.jpg>
Package pdftex.def Info: images/yolov8n-IMG_4283.jpg  used on input line 270.
(pdftex.def)             Requested size: 218.51521pt x 291.29361pt.
<images/yolov8n-seg-IMG_4283.jpg, id=259, 3035.34pt x 4047.12pt>
File: images/yolov8n-seg-IMG_4283.jpg Graphic file (type jpg)
<use images/yolov8n-seg-IMG_4283.jpg>
Package pdftex.def Info: images/yolov8n-seg-IMG_4283.jpg  used on input line 27
5.
(pdftex.def)             Requested size: 218.51521pt x 291.29361pt.


[10{C:/Users/Supreme Leader David/AppData/Local/Programs/MiKTeX/fonts/enc/dvips
/lm/lm-rm.enc}{C:/Users/Supreme Leader David/AppData/Local/Programs/MiKTeX/font
s/enc/dvips/lm/lm-mathit.enc}]
Underfull \hbox (badness 10000) in paragraph at lines 291--291
[]|\T1/lmr/m/n/10.95 YOLOv8n-seg
 []


Underfull \hbox (badness 1540) in paragraph at lines 293--294
[]|\T1/lmr/m/n/10.95 Segmentation more
 []


Underfull \hbox (badness 2486) in paragraph at lines 294--294
[]|\T1/lmr/m/n/10.95 Small weed de-tec-
 []


Underfull \hbox (badness 1454) in paragraph at lines 296--296
[]|\T1/lmr/m/n/10.95 0.68 / 0.60 (more
 []


Underfull \hbox (badness 10000) in paragraph at lines 298--299
[]|\T1/lmr/m/n/10.95 Segmentation
 []



[11 <./images/yolov8n-IMG_4283.jpg> <./images/yolov8n-seg-IMG_4283.jpg>]

[12]
Chapter 5.
<images/yolov8s.png, id=279, 867.24pt x 433.62pt>
File: images/yolov8s.png Graphic file (type png)
<use images/yolov8s.png>
Package pdftex.def Info: images/yolov8s.png  used on input line 318.
(pdftex.def)             Requested size: 364.19667pt x 182.0993pt.
<images/yolov8s-seg.png, id=280, 1300.86pt x 433.62pt>
File: images/yolov8s-seg.png Graphic file (type png)
<use images/yolov8s-seg.png>
Package pdftex.def Info: images/yolov8s-seg.png  used on input line 324.
(pdftex.def)             Requested size: 364.19667pt x 121.39954pt.


[13


 <./images/yolov8s.png> <./images/yolov8s-seg.png>]
<images/yolov8s-IMG_4283.jpg, id=289, 3035.34pt x 4047.12pt>
File: images/yolov8s-IMG_4283.jpg Graphic file (type jpg)
<use images/yolov8s-IMG_4283.jpg>
Package pdftex.def Info: images/yolov8s-IMG_4283.jpg  used on input line 356.
(pdftex.def)             Requested size: 218.51521pt x 291.29361pt.
<images/yolov8s-seg-IMG_4283.jpg, id=290, 3035.34pt x 4047.12pt>
File: images/yolov8s-seg-IMG_4283.jpg Graphic file (type jpg)
<use images/yolov8s-seg-IMG_4283.jpg>
Package pdftex.def Info: images/yolov8s-seg-IMG_4283.jpg  used on input line 36
1.
(pdftex.def)             Requested size: 218.51521pt x 291.29361pt.


[14]
Underfull \hbox (badness 10000) in paragraph at lines 377--377
[]|\T1/lmr/m/n/10.95 YOLOv8s (De-tec-
 []


Underfull \hbox (badness 1540) in paragraph at lines 381--382
[]|\T1/lmr/m/n/10.95 Segmentation more
 []


Underfull \hbox (badness 3189) in paragraph at lines 384--384
[]|\T1/lmr/m/n/10.95 Qualitative bound-
 []



[15 <./images/yolov8s-IMG_4283.jpg> <./images/yolov8s-seg-IMG_4283.jpg>]

[16]
Chapter 6.
<images/mAP50-95.png, id=305, 1204.5pt x 803.0pt>
File: images/mAP50-95.png Graphic file (type png)
<use images/mAP50-95.png>
Package pdftex.def Info: images/mAP50-95.png  used on input line 407.
(pdftex.def)             Requested size: 364.19667pt x 242.80104pt.


[17


 <./images/mAP50-95.png>]
<images/mAP_50.png, id=311, 1204.5pt x 803.0pt>
File: images/mAP_50.png Graphic file (type png)
<use images/mAP_50.png>
Package pdftex.def Info: images/mAP_50.png  used on input line 426.
(pdftex.def)             Requested size: 364.19667pt x 242.80104pt.
<images/seg_loss.png, id=312, 1058.95625pt x 390.45876pt>
File: images/seg_loss.png Graphic file (type png)
<use images/seg_loss.png>
Package pdftex.def Info: images/seg_loss.png  used on input line 441.
(pdftex.def)             Requested size: 364.19667pt x 134.2854pt.


[18 <./images/mAP_50.png>]
<images/class_loss.png, id=319, 1058.95625pt x 803.0pt>
File: images/class_loss.png Graphic file (type png)
<use images/class_loss.png>
Package pdftex.def Info: images/class_loss.png  used on input line 449.
(pdftex.def)             Requested size: 364.19667pt x 276.16534pt.
<images/box_loss.png, id=320, 1058.95625pt x 803.0pt>
File: images/box_loss.png Graphic file (type png)
<use images/box_loss.png>
Package pdftex.def Info: images/box_loss.png  used on input line 460.
(pdftex.def)             Requested size: 364.19667pt x 276.16534pt.


[19 <./images/seg_loss.png> <./images/class_loss.png>]
Overfull \hbox (15.9141pt too wide) in paragraph at lines 464--465
[]\T1/lmr/m/n/12 Segmentation mod-els ex-hibit con-sis-tently lower box loss th
an de-tec-tion mod-els. YOLOv8s
 []



[20 <./images/box_loss.png>]
Underfull \hbox (badness 3039) in paragraph at lines 510--510
[]|\T1/lmr/m/n/10.95 Qualitative Pre-ci-
 []


Underfull \hbox (badness 10000) in paragraph at lines 514--514
[]|\T1/lmr/m/n/10.95 YOLOv8n-
 []


Underfull \hbox (badness 10000) in paragraph at lines 514--515
[]|\T1/lmr/m/n/10.95 Best over-all
 []


Underfull \hbox (badness 1629) in paragraph at lines 514--515
\T1/lmr/m/n/10.95 choice for pre-ci-
 []


Underfull \hbox (badness 10000) in paragraph at lines 515--515
[]|\T1/lmr/m/n/10.95 YOLOv8s-
 []


Overfull \hbox (3.09442pt too wide) in paragraph at lines 508--518
 [][] 
 []



[21]
Chapter 7.


[22


]

[23] (main.aux)
 ***********
LaTeX2e <2024-11-01> patch level 2
L3 programming layer <2025-03-26>
 ***********


LaTeX Warning: Label(s) may have changed. Rerun to get cross-references right.

Package rerunfilecheck Info: File `main.out' has not changed.
(rerunfilecheck)             Checksum: C03C51F5C1FE44838BE6DDDC48BC1835;7103.
 ) 
Here is how much of TeX's memory you used:
 16248 strings out of 469959
 324327 string characters out of 5462538
 677378 words of memory out of 5000000
 42762 multiletter control sequences out of 15000+600000
 670221 words of font info for 66 fonts, out of 8000000 for 9000
 1141 hyphenation exceptions out of 8191
 75i,11n,80p,538b,1141s stack positions out of 10000i,1000n,20000p,200000b,200000s
<C:/Users/Supreme Leader David/AppData/Local/Programs/MiKTeX/fonts/type1/publ
ic/lm/lmbx12.pfb><C:/Users/Supreme Leader David/AppData/Local/Programs/MiKTeX/f
onts/type1/public/lm/lmmi10.pfb><C:/Users/Supreme Leader David/AppData/Local/Pr
ograms/MiKTeX/fonts/type1/public/lm/lmmi12.pfb><C:/Users/Supreme Leader David/A
ppData/Local/Programs/MiKTeX/fonts/type1/public/lm/lmr10.pfb><C:/Users/Supreme 
Leader David/AppData/Local/Programs/MiKTeX/fonts/type1/public/lm/lmr12.pfb><C:/
Users/Supreme Leader David/AppData/Local/Programs/MiKTeX/fonts/type1/public/lm/
lmsy10.pfb><C:/Users/Supreme Leader David/AppData/Local/Programs/MiKTeX/fonts/t
ype1/public/lm/lmtt10.pfb>
Output written on main.pdf (24 pages, 29714394 bytes).
PDF statistics:
 410 PDF objects out of 1000 (max. 8388607)
 88 named destinations out of 1000 (max. 500000)
 370 words of extra memory for PDF output out of 10000 (max. 10000000)

